0 silly argv { _: [ 'create' ],
0 silly argv   lernaVersion: '3.10.5',
0 silly argv   '$0': 'node_modules/.bin/lerna',
0 silly argv   name: 'frograming' }
1 notice cli v3.10.5
2 verbose rootPath /Users/ycmjason/Development/frograming
3 error Error: canceled
3 error     at Interface.<anonymous> (/Users/ycmjason/Development/frograming/node_modules/read/lib/read.js:66:13)
3 error     at emitNone (events.js:106:13)
3 error     at Interface.emit (events.js:208:7)
3 error     at Interface._ttyWrite (readline.js:774:16)
3 error     at ReadStream.onkeypress (readline.js:158:10)
3 error     at emitTwo (events.js:126:13)
3 error     at ReadStream.emit (events.js:214:7)
3 error     at emitKeys (internal/readline.js:420:14)
3 error     at emitKeys.next (<anonymous>)
3 error     at ReadStream.onData (readline.js:1010:36)
3 error     at emitOne (events.js:116:13)
3 error     at ReadStream.emit (events.js:211:7)
3 error     at addChunk (_stream_readable.js:263:12)
3 error     at readableAddChunk (_stream_readable.js:250:11)
3 error     at ReadStream.Readable.push (_stream_readable.js:208:10)
